<?xml version="1.0" encoding="UTF-8"?>
<robot generator="Robot 7.0.1 (Python 3.12.6 on win32)" generated="2024-09-09T12:08:27.340078" rpa="false" schemaversion="5">
<suite id="s1" name="Preenchimento Incorreto" source="c:\Users\Patrick\Documents\Robot-Framework\testes\preenchimento_incorreto.robot">
<test id="s1-t1" name="Verificar se quando um campo obrigatório não for preenchido corretamente o sistema exibe uma mensagem de campo obrigatório" line="10">
<kw name="Dado que eu acesse o Organo" owner="setup_teardown" type="SETUP">
<kw name="Open Browser" owner="SeleniumLibrary">
<msg time="2024-09-09T12:08:28.607097" level="INFO">Opening browser 'Chrome' to base url 'http://localhost:3000/'.</msg>
<arg>url=http://localhost:3000/</arg>
<arg>browser=Chrome</arg>
<doc>Opens a new browser instance to the optional ``url``.</doc>
<status status="PASS" start="2024-09-09T12:08:28.606100" elapsed="3.022914"/>
</kw>
<status status="PASS" start="2024-09-09T12:08:28.603102" elapsed="3.026914"/>
</kw>
<kw name="Dado que eu clique no botão &quot;Criar Card&quot;" owner="cadastro">
<kw name="Click Element" owner="SeleniumLibrary">
<msg time="2024-09-09T12:08:31.654015" level="INFO">Clicking element 'id:form-botao'.</msg>
<arg>${BOTAO_CARD}</arg>
<doc>Click the element identified by ``locator``.</doc>
<status status="PASS" start="2024-09-09T12:08:31.653053" elapsed="0.154138"/>
</kw>
<status status="PASS" start="2024-09-09T12:08:31.651015" elapsed="0.157178"/>
</kw>
<kw name="Então sistema deve apresentar mensagem de campo obrigatório" owner="cadastro">
<kw name="Element Should Be Visible" owner="SeleniumLibrary">
<msg time="2024-09-09T12:08:31.855340" level="INFO">Element 'id:form-nome-erro' is displayed.</msg>
<arg>id:form-nome-erro</arg>
<doc>Verifies that the element identified by ``locator`` is visible.</doc>
<status status="PASS" start="2024-09-09T12:08:31.810192" elapsed="0.046136"/>
</kw>
<kw name="Element Should Be Visible" owner="SeleniumLibrary">
<msg time="2024-09-09T12:08:31.906806" level="INFO">Element 'id:form-cargo-erro' is displayed.</msg>
<arg>id:form-cargo-erro</arg>
<doc>Verifies that the element identified by ``locator`` is visible.</doc>
<status status="PASS" start="2024-09-09T12:08:31.856328" elapsed="0.051476"/>
</kw>
<kw name="Element Should Be Visible" owner="SeleniumLibrary">
<msg time="2024-09-09T12:08:32.139010" level="INFO">Element 'id:form-times-erro' is displayed.</msg>
<arg>id:form-times-erro</arg>
<doc>Verifies that the element identified by ``locator`` is visible.</doc>
<status status="PASS" start="2024-09-09T12:08:31.907804" elapsed="0.232282"/>
</kw>
<status status="PASS" start="2024-09-09T12:08:31.809191" elapsed="0.331968"/>
</kw>
<kw name="Fechar o navegador" owner="setup_teardown" type="TEARDOWN">
<kw name="Close Browser" owner="SeleniumLibrary">
<doc>Closes the current browser.</doc>
<status status="PASS" start="2024-09-09T12:08:32.143157" elapsed="2.476093"/>
</kw>
<status status="PASS" start="2024-09-09T12:08:32.142157" elapsed="2.477093"/>
</kw>
<status status="PASS" start="2024-09-09T12:08:28.601100" elapsed="6.020735"/>
</test>
<status status="PASS" start="2024-09-09T12:08:27.356567" elapsed="7.272269"/>
</suite>
<statistics>
<total>
<stat pass="1" fail="0" skip="0">All Tests</stat>
</total>
<tag>
</tag>
<suite>
<stat pass="1" fail="0" skip="0" id="s1" name="Preenchimento Incorreto">Preenchimento Incorreto</stat>
</suite>
</statistics>
<errors>
</errors>
</robot>
